This is pdfTeX, Version 3.141592653-2.6-1.40.24 (MiKTeX 22.3) (preloaded format=pdflatex 2022.5.8)  2 DEC 2022 17:39
entering extended mode
 restricted \write18 enabled.
 %&-line parsing enabled.
**C:/Users/wdrac/OneDrive/ë¬¸ì„œ/GitHub/ControlSystem_Lecture8/main.tex
(C:/Users/wdrac/OneDrive/ë¬¸ì„œ/GitHub/ControlSystem_Lecture8/main.tex
LaTeX2e <2021-11-15> patch level 1
L3 programming layer <2022-04-29>
(C:\Users\wdrac\AppData\Local\Programs\MiKTeX\tex/latex/kotex-oblivoir\oblivoir
.cls
Document Class: oblivoir 2022/04/11 v3.1.5
(C:\Users\wdrac\AppData\Local\Programs\MiKTeX\tex/latex/xkeyval\xkeyval.sty
Package: xkeyval 2020/11/20 v2.8 package option processing (HA)

(C:\Users\wdrac\AppData\Local\Programs\MiKTeX\tex/generic/xkeyval\xkeyval.tex
(C:\Users\wdrac\AppData\Local\Programs\MiKTeX\tex/generic/xkeyval\xkvutils.tex
\XKV@toks=\toks16
\XKV@tempa@toks=\toks17

(C:\Users\wdrac\AppData\Local\Programs\MiKTeX\tex/generic/xkeyval\keyval.tex))
\XKV@depth=\count185
File: xkeyval.tex 2014/12/03 v2.7a key=value parser (HA)
))
(C:\Users\wdrac\AppData\Local\Programs\MiKTeX\tex/latex/l3packages/xparse\xpars
e.sty
(C:\Users\wdrac\AppData\Local\Programs\MiKTeX\tex/latex/l3kernel\expl3.sty
Package: expl3 2022-04-29 L3 programming layer (loader) 

(C:\Users\wdrac\AppData\Local\Programs\MiKTeX\tex/latex/l3backend\l3backend-pdf
tex.def
File: l3backend-pdftex.def 2022-04-20 L3 backend support: PDF output (pdfTeX)
\l__color_backend_stack_int=\count186
\l__pdf_internal_box=\box50
))
Package: xparse 2022-01-12 L3 Experimental document command parser
)
(C:\Users\wdrac\AppData\Local\Programs\MiKTeX\tex/generic/iftex\iftex.sty
Package: iftex 2022/02/03 v1.0f TeX engine tests
)
(C:\Users\wdrac\AppData\Local\Programs\MiKTeX\tex/latex/kotex-oblivoir\oblivoir
-utf.cls
Document Class: oblivoir-utf 2020/02/10 v0.8.2 article-like class to typeset UT
F-8 korean using memoir.
\fa@setheight=\skip47
\fa@setwidth=\skip48
(C:\Users\wdrac\AppData\Local\Programs\MiKTeX\tex/latex/memoir\memoir.cls
Document Class: memoir 2022/02/20 v3.7q configurable book, report, article docu
ment class
(C:\Users\wdrac\AppData\Local\Programs\MiKTeX\tex/latex/etoolbox\etoolbox.sty
Package: etoolbox 2020/10/05 v2.5k e-TeX tools for LaTeX (JAW)
\etb@tempcnta=\count187
)
\onelineskip=\skip49
\lxvchars=\skip50
\xlvchars=\skip51
\@memcnta=\count188
\c@@memmarkcntra=\count189
\stockheight=\skip52
\stockwidth=\skip53
\trimtop=\skip54
\trimedge=\skip55

(C:\Users\wdrac\AppData\Local\Programs\MiKTeX\tex/latex/memoir\mem14.clo
File: mem14.clo 2008/01/30 v0.4 memoir class 14pt size option
)
\binding=\skip56
\spinemargin=\skip57
\foremargin=\skip58
\uppermargin=\skip59
\lowermargin=\skip60
\headdrop=\skip61
\normalrulethickness=\skip62
\mem@maxheadheight=\skip63
\mem@maxfootheight=\skip64
\headwidth=\skip65
\c@storedpagenumber=\count190
\memPD=\dimen138
\m@mabparskip=\skip66
\thanksmarkwidth=\skip67
\thanksmarksep=\skip68
\droptitle=\skip69
\c@book=\count191
\c@part=\count192
\c@chapter=\count193
\c@section=\count194
\c@subsection=\count195
\c@subsubsection=\count196
\c@paragraph=\count197
\c@subparagraph=\count198
\beforechapskip=\skip70
\midchapskip=\skip71
\afterchapskip=\skip72
\chapindent=\skip73
\bottomsectionskip=\skip74
\secindent=\skip75
\beforesecskip=\skip76
\aftersecskip=\skip77
\subsecindent=\skip78
\beforesubsecskip=\skip79
\aftersubsecskip=\skip80
\subsubsecindent=\skip81
\beforesubsubsecskip=\skip82
\aftersubsubsecskip=\skip83
\paraindent=\skip84
\beforeparaskip=\skip85
\afterparaskip=\skip86
\subparaindent=\skip87
\beforesubparaskip=\skip88
\aftersubparaskip=\skip89
\pfbreakskip=\skip90
\c@@ppsavesec=\count199
\c@@ppsaveapp=\count266
\ragrparindent=\dimen139
\everylistparindent=\dimen140
\parsepi=\skip91
\topsepi=\skip92
\itemsepi=\skip93
\parsepii=\skip94
\topsepii=\skip95
\topsepiii=\skip96
\itemsepii=\skip97
\itemsepiii=\skip98
\partopsepii=\skip99
\partopsepiii=\skip100
\m@msavetopsep=\skip101
\m@msavepartopsep=\skip102
\@enLab=\toks18
\abstitleskip=\skip103
\absleftindent=\skip104
\abs@leftindent=\dimen141
\absrightindent=\skip105
\absparindent=\skip106
\absparsep=\skip107
\c@vslineno=\count267
\c@poemline=\count268
\c@modulo@vs=\count269
\c@memfvsline=\count270
\vleftskip=\skip108
\vrightskip=\skip109
\stanzaskip=\skip110
\versewidth=\skip111
\vgap=\skip112
\vindent=\skip113
\vleftmargin=\dimen142
\c@verse=\count271
\c@chrsinstr=\count272
\beforepoemtitleskip=\skip114
\afterpoemtitleskip=\skip115
\c@poem=\count273
\beforePoemTitleskip=\skip116
\midPoemTitleskip=\skip117
\afterPoemTitleskip=\skip118

(C:\Users\wdrac\AppData\Local\Programs\MiKTeX\tex/latex/tools\array.sty
Package: array 2021/10/04 v2.5f Tabular extension package (FMi)
\col@sep=\dimen143
\ar@mcellbox=\box51
\extrarowheight=\dimen144
\NC@list=\toks19
\extratabsurround=\skip119
\backup@length=\skip120
\ar@cellbox=\box52
)
(C:\Users\wdrac\AppData\Local\Programs\MiKTeX\tex/latex/tools\dcolumn.sty
Package: dcolumn 2014/10/28 v1.06 decimal alignment package (DPC)
)
(C:\Users\wdrac\AppData\Local\Programs\MiKTeX\tex/latex/tools\delarray.sty
Package: delarray 2014/10/28 v1.01 array delimiter package (DPC)
)
(C:\Users\wdrac\AppData\Local\Programs\MiKTeX\tex/latex/tools\tabularx.sty
Package: tabularx 2020/01/15 v2.11c `tabularx' package (DPC)
\TX@col@width=\dimen145
\TX@old@table=\dimen146
\TX@old@col=\dimen147
\TX@target=\dimen148
\TX@delta=\dimen149
\TX@cols=\count274
\TX@ftn=\toks20
)
\heavyrulewidth=\dimen150
\lightrulewidth=\dimen151
\cmidrulewidth=\dimen152
\belowrulesep=\dimen153
\belowbottomsep=\dimen154
\aboverulesep=\dimen155
\abovetopsep=\dimen156
\cmidrulesep=\dimen157
\cmidrulekern=\dimen158
\defaultaddspace=\dimen159
\@cmidla=\count275
\@cmidlb=\count276
\@aboverulesep=\dimen160
\@belowrulesep=\dimen161
\@thisruleclass=\count277
\@lastruleclass=\count278
\@thisrulewidth=\dimen162
\ctableftskip=\skip121
\ctabrightskip=\skip122
\abovecolumnspenalty=\count279
\@linestogo=\count280
\@cellstogo=\count281
\@cellsincolumn=\count282
\crtok=\toks21
\@mincolumnwidth=\dimen163
\c@newflo@tctr=\count283
\mem@margin@floatbox=\box53
\@contcwidth=\skip123
\@contindw=\skip124
\abovecaptionskip=\skip125
\belowcaptionskip=\skip126
\subfloattopskip=\skip127
\subfloatcapskip=\skip128
\subfloatcaptopadj=\skip129
\subfloatbottomskip=\skip130
\subfloatlabelskip=\skip131
\subfloatcapmargin=\dimen164
\c@@contsubnum=\count284
\m@mscap@capbox=\box54
\m@mscap@fbox=\box55
\sidecapsep=\dimen165
\sidecapwidth=\dimen166
\m@m@tempdima=\dimen167
\m@mscapraise=\dimen168
\sidecapraise=\dimen169
\m@mscapmainwidth=\dimen170
\m@mscaplkern=\dimen171
\beforeepigraphskip=\skip132
\afterepigraphskip=\skip133
\epigraphwidth=\skip134
\epigraphrule=\skip135
LaTeX Info: Redefining \em on input line 7655.
LaTeX Info: Redefining \emph on input line 7663.
\tocentryskip=\skip136
\tocbaseline=\skip137
\cftparskip=\skip138
\cftbeforebookskip=\skip139
\cftbookindent=\dimen172
\cftbooknumwidth=\dimen173
\cftbeforepartskip=\skip140
\cftpartindent=\skip141
\cftpartnumwidth=\skip142
\cftbeforechapterskip=\skip143
\cftchapterindent=\skip144
\cftchapternumwidth=\skip145
\cftbeforesectionskip=\skip146
\cftsectionindent=\skip147
\cftsectionnumwidth=\skip148
\cftbeforesubsectionskip=\skip149
\cftsubsectionindent=\skip150
\cftsubsectionnumwidth=\skip151
\cftbeforesubsubsectionskip=\skip152
\cftsubsubsectionindent=\skip153
\cftsubsubsectionnumwidth=\skip154
\cftbeforeparagraphskip=\skip155
\cftparagraphindent=\skip156
\cftparagraphnumwidth=\skip157
\cftbeforesubparagraphskip=\skip158
\cftsubparagraphindent=\skip159
\cftsubparagraphnumwidth=\skip160
\prechapterprecisshift=\dimen174
\c@maxsecnumdepth=\count285
\bibindent=\dimen175
\bibitemsep=\skip161
\indexcolsep=\skip162
\indexrule=\skip163
\indexmarkstyle=\toks22
\@indexbox=\insert252
\glossarycolsep=\dimen176
\glossaryrule=\dimen177
\sideparvshift=\skip164
\sideins=\insert251
\sidebartopsep=\skip165
\sidebarhsep=\skip166
\sidebarvsep=\skip167
\sidebarwidth=\skip168
\footmarkwidth=\skip169
\footmarksep=\skip170
\footparindent=\skip171
\footinsdim=\skip172
\footinsv@r=\insert250
\@mpfootinsv@r=\insert249
\m@m@k=\count286
\m@m@h=\dimen178
\m@mipn@skip=\skip173
\sidefootins=\insert248
\sidefootadjust=\skip174
\sidefootheight=\skip175
\sidefoothsep=\skip176
\sidefootvsep=\skip177
\sidefootwidth=\skip178
\m@mdownsf=\skip179
\c@sidefootnote=\count287
\sidefootmarkwidth=\skip180
\sidefootmarksep=\skip181
\sidefootparindent=\skip182
\c@pagenote=\count288
\c@pagenoteshadow=\count289
\mem@pn@lastkern=\skip183
\every@verbatim=\toks23
\afterevery@verbatim=\toks24
\verbatim@line=\toks25
\tab@position=\count290
\verbatim@in@stream=\read2
\verbatimindent=\skip184
\verbatim@out=\write3
\bvboxsep=\skip185
\c@memfbvline=\count291
\c@bvlinectr=\count292
\bvnumlength=\skip186
\fb@frw=\dimen179
\fb@frh=\dimen180
\FrameRule=\dimen181
\FrameSep=\dimen182
\c@cp@cntr=\count293
\c@ism@mctr=\count294
\c@xsm@mctr=\count295
\c@csm@mctr=\count296
\c@ksm@mctr=\count297
\c@xksm@mctr=\count298
\c@cksm@mctr=\count299
\c@msm@mctr=\count300
\c@xmsm@mctr=\count301
\c@cmsm@mctr=\count302
\c@bsm@mctr=\count303
\c@workm@mctr=\count304
\c@sheetsequence=\count305
\c@lastsheet=\count306
\c@lastpage=\count307

(C:\Users\wdrac\AppData\Local\Programs\MiKTeX\tex/latex/textcase\textcase.sty
Package: textcase 2019/09/14 v1.00 Text only upper/lower case changing (DPC)
)
\c@figure=\count308
\c@lofdepth=\count309
\cftbeforefigureskip=\skip187
\cftfigureindent=\skip188
\cftfigurenumwidth=\skip189
\c@table=\count310
\c@lotdepth=\count311
\cftbeforetableskip=\skip190
\cfttableindent=\skip191
\cfttablenumwidth=\skip192
Package abstract [2008/07/23] emulated by memoir.
Package appendix [2008/07/23] emulated by memoir.
Package booktabs [2016/05/16] emulated by memoir.
Package ccaption [2008/07/23] emulated by memoir.
Package changepage [2008/07/23] emulated by memoir.
Package chngcntr [2008/07/23] emulated by memoir.
Package chngpage [2008/07/23] emulated by memoir.
Package crop emulated by memoir.
Package enumerate [2008/07/23] emulated by memoir.
Package epigraph [2008/07/23] emulated by memoir.
Package ifmtarg [2008/07/23] emulated by memoir.
Package index [2008/07/23] emulated by memoir.
Package makeidx [2008/07/23] emulated by memoir.
Package moreverb [2008/07/23] emulated by memoir.
Package needspace [2008/07/23] emulated by memoir.
Package newfile [2008/07/23] emulated by memoir.
Package nextpage [2008/07/23] emulated by memoir.
Package pagenote [2008/07/23] emulated by memoir.
Package parskip [2008/07/23] emulated by memoir.
Package patchcmd [2008/07/23] emulated by memoir.
Package setspace [2008/07/23] emulated by memoir.
Package shortvrb [2008/07/23] emulated by memoir.
Package showidx [2008/07/23] emulated by memoir.
Package titleref [2008/07/23] emulated by memoir.
Package titling [2008/07/23] emulated by memoir.
Package tocbibind [2008/07/23] emulated by memoir.
Package tocloft [2008/07/23] emulated by memoir.
Package tocvsec2 [2008/07/23] emulated by memoir.
Package verbatim [2008/07/23] emulated by memoir.
Package verse [2008/07/23] emulated by memoir.
)
(C:\Users\wdrac\AppData\Local\Programs\MiKTeX\tex/latex/kotex-oblivoir/memhangu
l-ucs\memhangul-ucs.sty
Package: memhangul-ucs 2014/06/12UCS Hangul Package for memoir class

memhangul-ucs v1.7.7 2014/06/12
(C:\Users\wdrac\AppData\Local\Programs\MiKTeX\tex/latex/kotex-utf\dhucs.sty
Package: dhucs 2012/11/08 v5.3.2 typesetting UTF-8 Korean documents

(C:\Users\wdrac\AppData\Local\Programs\MiKTeX\tex/latex/kotex-utf\kotexutf.sty
Package: kotexutf 2015/07/18 v2.1.1 typesetting UTF-8 Korean documents

(C:\Users\wdrac\AppData\Local\Programs\MiKTeX\tex/latex/base\inputenc.sty
Package: inputenc 2021/02/14 v1.3d Input encoding file
\inpenc@prehook=\toks26
\inpenc@posthook=\toks27
)
(C:\Users\wdrac\AppData\Local\Programs\MiKTeX\tex/plain/kotex-plain\kotexutf-co
re.tex
\unih@ngulpoint=\count312
\dhucs@emph@raise=\dimen183
)
Now handling font encoding LUC ...
... processing UTF-8 mapping file for font encoding LUC

(C:\Users\wdrac\AppData\Local\Programs\MiKTeX\tex/latex/kotex-utf\lucenc.dfu
File: lucenc.dfu 2007/09/05 UTF-8 support for dhucs
   defining Unicode char U+00B7 (decimal 183)
   defining Unicode char U+2018 (decimal 8216)
   defining Unicode char U+2019 (decimal 8217)
   defining Unicode char U+201C (decimal 8220)
   defining Unicode char U+201D (decimal 8221)
   defining Unicode char U+3001 (decimal 12289)
   defining Unicode char U+3002 (decimal 12290)
   defining Unicode char U+3008 (decimal 12296)
   defining Unicode char U+3009 (decimal 12297)
   defining Unicode char U+300A (decimal 12298)
   defining Unicode char U+300B (decimal 12299)
   defining Unicode char U+300C (decimal 12300)
   defining Unicode char U+300D (decimal 12301)
   defining Unicode char U+300E (decimal 12302)
   defining Unicode char U+300F (decimal 12303)
   defining Unicode char U+3010 (decimal 12304)
   defining Unicode char U+3011 (decimal 12305)
   defining Unicode char U+3014 (decimal 12308)
   defining Unicode char U+3015 (decimal 12309)
   defining Unicode char U+3016 (decimal 12310)
   defining Unicode char U+3017 (decimal 12311)
   defining Unicode char U+3018 (decimal 12312)
   defining Unicode char U+3019 (decimal 12313)
   defining Unicode char U+301A (decimal 12314)
   defining Unicode char U+301B (decimal 12315)
   defining Unicode char U+FF01 (decimal 65281)
   defining Unicode char U+FF08 (decimal 65288)
   defining Unicode char U+FF09 (decimal 65289)
   defining Unicode char U+FF0C (decimal 65292)
   defining Unicode char U+FF0E (decimal 65294)
   defining Unicode char U+FF1A (decimal 65306)
   defining Unicode char U+FF1B (decimal 65307)
   defining Unicode char U+FF1C (decimal 65308)
   defining Unicode char U+FF1D (decimal 65309)
   defining Unicode char U+FF1E (decimal 65310)
   defining Unicode char U+FF1F (decimal 65311)
   defining Unicode char U+FF3B (decimal 65339)
   defining Unicode char U+FF3D (decimal 65341)
   defining Unicode char U+FF5B (decimal 65371)
   defining Unicode char U+FF5D (decimal 65373)
   defining Unicode char U+FF61 (decimal 65377)
   defining Unicode char U+FF62 (decimal 65378)
   defining Unicode char U+FF63 (decimal 65379)
   defining Unicode char U+FF64 (decimal 65380)
   defining Unicode char U+FF65 (decimal 65381)
)
\@josa=\count313
\josatoks=\toks28

(C:\Users\wdrac\AppData\Local\Programs\MiKTeX\tex/latex/cjk-ko\kolabels-utf.sty
Package: kolabels-utf 2015/03/20 v1.5 UTF-8 Hangul item labels
)))
\memh@hu=\dimen184
\t@nch@ars=\skip193
\tmp@XXbox=\box56
\tmp@XXdim=\dimen185

(C:\Users\wdrac\AppData\Local\Programs\MiKTeX\tex/latex/kotex-oblivoir/memhangu
l-common\memhangul-common.sty
Package: memhangul-common 2022/03/31
\togetheightoffont=\box57
\htoffnt=\skip194
\divnoteskip=\skip195

(C:\Users\wdrac\AppData\Local\Programs\MiKTeX\tex/latex/kotex-oblivoir/memhangu
l-common\memhangul-patch.sty)
(C:\Users\wdrac\AppData\Local\Programs\MiKTeX\tex/generic/hologo\hologo.sty
Package: hologo 2021-11-16 v1.15 A logo collection with bookmark support (HO)

(C:\Users\wdrac\AppData\Local\Programs\MiKTeX\tex/generic/ltxcmds\ltxcmds.sty
Package: ltxcmds 2020-05-10 v1.25 LaTeX kernel commands for general use (HO)
)
(C:\Users\wdrac\AppData\Local\Programs\MiKTeX\tex/generic/infwarerr\infwarerr.s
ty
Package: infwarerr 2019/12/03 v1.5 Providing info/warning/error messages (HO)
)
(C:\Users\wdrac\AppData\Local\Programs\MiKTeX\tex/generic/kvsetkeys\kvsetkeys.s
ty
Package: kvsetkeys 2019/12/15 v1.18 Key value parser (HO)
)
(C:\Users\wdrac\AppData\Local\Programs\MiKTeX\tex/generic/kvdefinekeys\kvdefine
keys.sty
Package: kvdefinekeys 2019-12-19 v1.6 Define keys (HO)
)
(C:\Users\wdrac\AppData\Local\Programs\MiKTeX\tex/generic/pdftexcmds\pdftexcmds
.sty
Package: pdftexcmds 2020-06-27 v0.33 Utility functions of pdfTeX for LuaTeX (HO
)
Package pdftexcmds Info: \pdf@primitive is available.
Package pdftexcmds Info: \pdf@ifprimitive is available.
Package pdftexcmds Info: \pdfdraftmode found.
)
(C:\Users\wdrac\AppData\Local\Programs\MiKTeX\tex/latex/kvoptions\kvoptions.sty
Package: kvoptions 2020-10-07 v3.14 Key value format for package options (HO)
)
Package hologo Info: Using driver `pdftex'.
)
\pghgheadwidth=\dimen186
\c@APPchapter=\count314
\c@APPsection=\count315
\c@APPsubsection=\count316
\memucsadjustwidthtopsep=\dimen187
)
(C:\Users\wdrac\AppData\Local\Programs\MiKTeX\tex/latex/kotex-oblivoir/memhangu
l-ucs\memucs-interword.sty
Package: memucs-interword 2007/09/22
\BASE@FONTsize=\dimen188
\ORIG@spaceskip=\skip196
)
(C:\Users\wdrac\AppData\Local\Programs\MiKTeX\tex/latex/kotex-oblivoir/memhangu
l-common\memucs-setspace.sty
Package: memucs-setspace 2021/03/03 6.7-mu9 Contributed and Supported LaTeX2e p
ackage

Package: `memucs-setspace', a modified version of `setspace', 6.7-mu9 <2021/03/
03>
)
   defining Unicode char U+00BC (decimal 188)
   defining Unicode char U+00BD (decimal 189)
   defining Unicode char U+00BE (decimal 190)
   defining Unicode char U+02D0 (decimal 720)
   defining Unicode char U+2025 (decimal 8229)
   defining Unicode char U+2026 (decimal 8230)
   defining Unicode char U+2015 (decimal 8213)
   defining Unicode char U+2312 (decimal 8978)
\raisedotdim=\dimen189
\dhucs@emph@width=\dimen190
\useremphraisedim=\dimen191
\tmp_user_emph_dim=\dimen192
)
(C:\Users\wdrac\AppData\Local\Programs\MiKTeX\tex/latex/kotex-oblivoir/memhangu
l-ucs\nanumfontsel.sty
Package: nanumfontsel 
)
(C:\Users\wdrac\AppData\Local\Programs\MiKTeX\tex/generic/pdftex\glyphtounicode
.tex)
(C:\Users\wdrac\AppData\Local\Programs\MiKTeX\tex/latex/kotex-utf/contrib\dhucs
-cmap.sty
Package: dhucs-cmap 2007/06/16 searchable PDF for dhucs upon pdftex

(C:\Users\wdrac\AppData\Local\Programs\MiKTeX\tex/generic/iftex\ifpdf.sty
Package: ifpdf 2019/10/25 v3.4 ifpdf legacy package. Use iftex instead.
))
\ob@hu=\dimen193

(C:\Users\wdrac\AppData\Local\Programs\MiKTeX\tex/latex/hyperref\hyperref.sty
Package: hyperref 2022-02-21 v7.00n Hypertext links for LaTeX

(C:\Users\wdrac\AppData\Local\Programs\MiKTeX\tex/generic/pdfescape\pdfescape.s
ty
Package: pdfescape 2019/12/09 v1.15 Implements pdfTeX's escape features (HO)
) (C:\Users\wdrac\AppData\Local\Programs\MiKTeX\tex/latex/hycolor\hycolor.sty
Package: hycolor 2020-01-27 v1.10 Color options for hyperref/bookmark (HO)
)
(C:\Users\wdrac\AppData\Local\Programs\MiKTeX\tex/latex/letltxmacro\letltxmacro
.sty
Package: letltxmacro 2019/12/03 v1.6 Let assignment for LaTeX macros (HO)
)
(C:\Users\wdrac\AppData\Local\Programs\MiKTeX\tex/latex/auxhook\auxhook.sty
Package: auxhook 2019-12-17 v1.6 Hooks for auxiliary files (HO)
)
\@linkdim=\dimen194
\Hy@linkcounter=\count317
\Hy@pagecounter=\count318

(C:\Users\wdrac\AppData\Local\Programs\MiKTeX\tex/latex/hyperref\pd1enc.def
File: pd1enc.def 2022-02-21 v7.00n Hyperref: PDFDocEncoding definition (HO)
Now handling font encoding PD1 ...
... no UTF-8 mapping file for font encoding PD1
)
(C:\Users\wdrac\AppData\Local\Programs\MiKTeX\tex/generic/intcalc\intcalc.sty
Package: intcalc 2019/12/15 v1.3 Expandable calculations with integers (HO)
)
(C:\Users\wdrac\AppData\Local\Programs\MiKTeX\tex/generic/etexcmds\etexcmds.sty
Package: etexcmds 2019/12/15 v1.7 Avoid name clashes with e-TeX commands (HO)
)
\Hy@SavedSpaceFactor=\count319
 (C:\Users\wdrac\AppData\Local\Programs\MiKTeX\tex/latex/hyperref\puenc.def
File: puenc.def 2022-02-21 v7.00n Hyperref: PDF Unicode definition (HO)
Now handling font encoding PU ...
... no UTF-8 mapping file for font encoding PU
)
Package hyperref Info: Option `unicode' set `true' on input line 4018.
Package hyperref Info: Hyper figures OFF on input line 4137.
Package hyperref Info: Link nesting OFF on input line 4142.
Package hyperref Info: Hyper index ON on input line 4145.
Package hyperref Info: Plain pages OFF on input line 4152.
Package hyperref Info: Backreferencing OFF on input line 4157.
Package hyperref Info: Implicit mode ON; LaTeX internals redefined.
Package hyperref Info: Bookmarks ON on input line 4390.
\c@Hy@tempcnt=\count320

(C:\Users\wdrac\AppData\Local\Programs\MiKTeX\tex/latex/url\url.sty
\Urlmuskip=\muskip16
Package: url 2013/09/16  ver 3.4  Verb mode for urls, etc.
)
LaTeX Info: Redefining \url on input line 4749.
\XeTeXLinkMargin=\dimen195

(C:\Users\wdrac\AppData\Local\Programs\MiKTeX\tex/generic/bitset\bitset.sty
Package: bitset 2019/12/09 v1.3 Handle bit-vector datatype (HO)

(C:\Users\wdrac\AppData\Local\Programs\MiKTeX\tex/generic/bigintcalc\bigintcalc
.sty
Package: bigintcalc 2019/12/15 v1.5 Expandable calculations on big integers (HO
)
))
\Fld@menulength=\count321
\Field@Width=\dimen196
\Fld@charsize=\dimen197
Package hyperref Info: Hyper figures OFF on input line 6027.
Package hyperref Info: Link nesting OFF on input line 6032.
Package hyperref Info: Hyper index ON on input line 6035.
Package hyperref Info: backreferencing OFF on input line 6042.
Package hyperref Info: Link coloring OFF on input line 6047.
Package hyperref Info: Link coloring with OCG OFF on input line 6052.
Package hyperref Info: PDF/A mode OFF on input line 6057.
LaTeX Info: Redefining \ref on input line 6097.
LaTeX Info: Redefining \pageref on input line 6101.

(C:\Users\wdrac\AppData\Local\Programs\MiKTeX\tex/latex/base\atbegshi-ltx.sty
Package: atbegshi-ltx 2021/01/10 v1.0c Emulation of the original atbegshi
package with kernel methods
)
\Hy@abspage=\count322
\c@Item=\count323
\c@Hfootnote=\count324
) (C:\Users\wdrac\AppData\Local\Programs\MiKTeX\tex/latex/memoir\memhfixc.sty
Package: memhfixc 2021/06/16 v1.19 nameref/hyperref package fixes for memoir cl
ass
\c@memhycontfloat=\count325
\c@Hpagenote=\count326
)
Package hyperref Info: Driver: hpdftex.

(C:\Users\wdrac\AppData\Local\Programs\MiKTeX\tex/latex/hyperref\hpdftex.def
File: hpdftex.def 2022-02-21 v7.00n Hyperref driver for pdfTeX

(C:\Users\wdrac\AppData\Local\Programs\MiKTeX\tex/latex/base\atveryend-ltx.sty
Package: atveryend-ltx 2020/08/19 v1.0a Emulation of the original atveryend pac
kage
with kernel methods
)
\Fld@listcount=\count327
\c@bookmark@seq@number=\count328

(C:\Users\wdrac\AppData\Local\Programs\MiKTeX\tex/latex/rerunfilecheck\rerunfil
echeck.sty
Package: rerunfilecheck 2019/12/05 v1.9 Rerun checks for auxiliary files (HO)

(C:\Users\wdrac\AppData\Local\Programs\MiKTeX\tex/generic/uniquecounter\uniquec
ounter.sty
Package: uniquecounter 2019/12/15 v1.4 Provide unlimited unique counter (HO)
)
Package uniquecounter Info: New unique counter `rerunfilecheck' on input line 2
86.
)
\Hy@SectionHShift=\skip197
)
\@ensp=\skip198

(C:\Users\wdrac\AppData\Local\Programs\MiKTeX\tex/latex/kotex-oblivoir/memhangu
l-common\ob-toclof.sty)
(C:\Users\wdrac\AppData\Local\Programs\MiKTeX\tex/latex/kotex-oblivoir/memhangu
l-common\ob-koreanappendix.sty))
HANGUL DRIVER: kotex-utf
) (C:\Users\wdrac\AppData\Local\Programs\MiKTeX\tex/latex/a4wide\a4wide.sty
Package: a4wide 1994/08/30

(C:\Users\wdrac\AppData\Local\Programs\MiKTeX\tex/latex/ntgclass\a4.sty
Package: a4 2020/02/18 v1.2g A4 based page layout
))
(C:\Users\wdrac\AppData\Local\Programs\MiKTeX\tex/latex/psnfss\palatino.sty
Package: palatino 2020/03/25 PSNFSS-v9.3 (SPQR) 
)
(C:\Users\wdrac\AppData\Local\Programs\MiKTeX\tex/latex/psnfss\newcent.sty
Package: newcent 2020/03/25 PSNFSS-v9.3 (SPQR) 
)
(C:\Users\wdrac\AppData\Local\Programs\MiKTeX\tex/latex/amsmath\amsmath.sty
Package: amsmath 2021/10/15 v2.17l AMS math features
\@mathmargin=\skip199

For additional information on amsmath, use the `?' option.
(C:\Users\wdrac\AppData\Local\Programs\MiKTeX\tex/latex/amsmath\amstext.sty
Package: amstext 2021/08/26 v2.01 AMS text

(C:\Users\wdrac\AppData\Local\Programs\MiKTeX\tex/latex/amsmath\amsgen.sty
File: amsgen.sty 1999/11/30 v2.0 generic functions
\@emptytoks=\toks29
\ex@=\dimen198
))
(C:\Users\wdrac\AppData\Local\Programs\MiKTeX\tex/latex/amsmath\amsbsy.sty
Package: amsbsy 1999/11/29 v1.2d Bold Symbols
\pmbraise@=\dimen199
)
(C:\Users\wdrac\AppData\Local\Programs\MiKTeX\tex/latex/amsmath\amsopn.sty
Package: amsopn 2021/08/26 v2.02 operator names
)
\inf@bad=\count329
LaTeX Info: Redefining \frac on input line 234.
\uproot@=\count330
\leftroot@=\count331
LaTeX Info: Redefining \overline on input line 399.
\classnum@=\count332
\DOTSCASE@=\count333
LaTeX Info: Redefining \ldots on input line 496.
LaTeX Info: Redefining \dots on input line 499.
LaTeX Info: Redefining \cdots on input line 620.
\Mathstrutbox@=\box58
\strutbox@=\box59
\big@size=\dimen256
LaTeX Font Info:    Redeclaring font encoding OML on input line 743.
LaTeX Font Info:    Redeclaring font encoding OMS on input line 744.
\macc@depth=\count334
\c@MaxMatrixCols=\count335
\dotsspace@=\muskip17
\c@parentequation=\count336
\dspbrk@lvl=\count337
\tag@help=\toks30
\row@=\count338
\column@=\count339
\maxfields@=\count340
\andhelp@=\toks31
\eqnshift@=\dimen257
\alignsep@=\dimen258
\tagshift@=\dimen259
\tagwidth@=\dimen260
\totwidth@=\dimen261
\lineht@=\dimen262
\@envbody=\toks32
\multlinegap=\skip256
\multlinetaggap=\skip257
\mathdisplay@stack=\toks33
LaTeX Info: Redefining \[ on input line 2938.
LaTeX Info: Redefining \] on input line 2939.
)
(C:\Users\wdrac\AppData\Local\Programs\MiKTeX\tex/latex/amsfonts\amsfonts.sty
Package: amsfonts 2013/01/14 v3.01 Basic AMSFonts support
\symAMSa=\mathgroup4
\symAMSb=\mathgroup5
LaTeX Font Info:    Redeclaring math symbol \hbar on input line 98.
LaTeX Font Info:    Overwriting math alphabet `\mathfrak' in version `bold'
(Font)                  U/euf/m/n --> U/euf/b/n on input line 106.
)
(C:\Users\wdrac\AppData\Local\Programs\MiKTeX\tex/latex/amsfonts\amssymb.sty
Package: amssymb 2013/01/14 v3.01 AMS font symbols
)
(C:\Users\wdrac\AppData\Local\Programs\MiKTeX\tex/latex/graphics\graphics.sty
Package: graphics 2021/03/04 v1.4d Standard LaTeX Graphics (DPC,SPQR)

(C:\Users\wdrac\AppData\Local\Programs\MiKTeX\tex/latex/graphics\trig.sty
Package: trig 2021/08/11 v1.11 sin cos tan (DPC)
)
(C:\Users\wdrac\AppData\Local\Programs\MiKTeX\tex/latex/graphics-cfg\graphics.c
fg
File: graphics.cfg 2016/06/04 v1.11 sample graphics configuration
)
Package graphics Info: Driver file: pdftex.def on input line 107.

(C:\Users\wdrac\AppData\Local\Programs\MiKTeX\tex/latex/graphics-def\pdftex.def
File: pdftex.def 2020/10/05 v1.2a Graphics/color driver for pdftex
)) (C:\Users\wdrac\AppData\Local\Programs\MiKTeX\tex/latex/graphics\epsfig.sty
Package: epsfig 2017/06/25 v1.7b (e)psfig emulation (SPQR)

(C:\Users\wdrac\AppData\Local\Programs\MiKTeX\tex/latex/graphics\graphicx.sty
Package: graphicx 2021/09/16 v1.2d Enhanced LaTeX Graphics (DPC,SPQR)
\Gin@req@height=\dimen263
\Gin@req@width=\dimen264
)
\epsfxsize=\dimen265
\epsfysize=\dimen266
) (C:\Users\wdrac\AppData\Local\Programs\MiKTeX\tex/latex/xcolor\xcolor.sty
Package: xcolor 2021/10/31 v2.13 LaTeX color extensions (UK)

(C:\Users\wdrac\AppData\Local\Programs\MiKTeX\tex/latex/graphics-cfg\color.cfg
File: color.cfg 2016/01/02 v1.6 sample color configuration
)
Package xcolor Info: Driver file: pdftex.def on input line 227.
Package xcolor Info: Model `cmy' substituted by `cmy0' on input line 1352.
Package xcolor Info: Model `hsb' substituted by `rgb' on input line 1356.
Package xcolor Info: Model `RGB' extended on input line 1368.
Package xcolor Info: Model `HTML' substituted by `rgb' on input line 1370.
Package xcolor Info: Model `Hsb' substituted by `hsb' on input line 1371.
Package xcolor Info: Model `tHsb' substituted by `hsb' on input line 1372.
Package xcolor Info: Model `HSB' substituted by `hsb' on input line 1373.
Package xcolor Info: Model `Gray' substituted by `gray' on input line 1374.
Package xcolor Info: Model `wave' substituted by `hsb' on input line 1375.
) (C:\Users\wdrac\AppData\Local\Programs\MiKTeX\tex/latex/cancel\cancel.sty
Package: cancel 2013/04/12 v2.2 Cancel math terms
)
Package hyperref Info: Option `colorlinks' set `true' on input line 20.

(C:\Users\wdrac\AppData\Local\Programs\MiKTeX\tex/latex/sttools\cuted.sty
Package: cuted 2021/10/04 v2.0 Mixing onecolumn and twocolumn modes
\At@ViperColsBreak=\toks34
\preCutedStrip=\toks35
\postCutedStrip=\toks36
\cuted@@tempbox@a=\box60
\cuted@@tempbox@c=\box61
\cuted@@tempbox@var=\box62
\hold@viper=\box63
\@viper=\box64
\cuted@@varbox@a=\box65
\cuted@@varbox@c=\box66
\cuted@@tempdim@spread=\dimen267
\cuted@@tempdim@a=\dimen268
\cuted@@tempdim@b=\dimen269
\ht@hold@viper=\dimen270
\ht@viper=\dimen271
\var@@pagediscards@ht=\dimen272
\stripsep=\skip258
\viper@penalty=\count341
)
LaTeX Font Info:    Trying to load font information for OT1+pnc on input line 3
0.

(C:\Users\wdrac\AppData\Local\Programs\MiKTeX\tex/latex/psnfss\ot1pnc.fd
File: ot1pnc.fd 2001/06/04 font definitions for OT1/pnc.
)
(main.aux)
\openout1 = `main.aux'.

LaTeX Font Info:    Checking defaults for OML/cmm/m/it on input line 30.
LaTeX Font Info:    ... okay on input line 30.
LaTeX Font Info:    Checking defaults for OMS/cmsy/m/n on input line 30.
LaTeX Font Info:    ... okay on input line 30.
LaTeX Font Info:    Checking defaults for OT1/cmr/m/n on input line 30.
LaTeX Font Info:    ... okay on input line 30.
LaTeX Font Info:    Checking defaults for T1/cmr/m/n on input line 30.
LaTeX Font Info:    ... okay on input line 30.
LaTeX Font Info:    Checking defaults for TS1/cmr/m/n on input line 30.
LaTeX Font Info:    ... okay on input line 30.
LaTeX Font Info:    Checking defaults for OMX/cmex/m/n on input line 30.
LaTeX Font Info:    ... okay on input line 30.
LaTeX Font Info:    Checking defaults for U/cmr/m/n on input line 30.
LaTeX Font Info:    ... okay on input line 30.
LaTeX Font Info:    Checking defaults for LUC/nanummj/m/n on input line 30.
LaTeX Font Info:    Trying to load font information for LUC+nanummj on input li
ne 30.

(C:\Users\wdrac\AppData\Local\Programs\MiKTeX\tex/latex/nanumtype1\lucnanummj.f
d
File: lucnanummj.fd 2013/02/12 v0.1 Nanum Myeongjo font definitions
)
LaTeX Font Info:    ... okay on input line 30.
LaTeX Font Info:    Checking defaults for PD1/pdf/m/n on input line 30.
LaTeX Font Info:    ... okay on input line 30.
LaTeX Font Info:    Checking defaults for PU/pdf/m/n on input line 30.
LaTeX Font Info:    ... okay on input line 30.
   defining Unicode char U+00B7 (decimal 183)

(C:\Users\wdrac\AppData\Local\Programs\MiKTeX\tex/latex/kotex-oblivoir/memhangu
l-ucs\memucs-gremph.sty
Package: memucs-gremph 
LaTeX Info: Redefining \itshape on input line 74.
LaTeX Info: Redefining \slshape on input line 78.
)
Package hyperref Info: Link coloring ON on input line 30.

(C:\Users\wdrac\AppData\Local\Programs\MiKTeX\tex/latex/hyperref\nameref.sty
Package: nameref 2021-04-02 v2.47 Cross-referencing by name of section

(C:\Users\wdrac\AppData\Local\Programs\MiKTeX\tex/latex/refcount\refcount.sty
Package: refcount 2019/12/15 v3.6 Data extraction from label references (HO)
)
(C:\Users\wdrac\AppData\Local\Programs\MiKTeX\tex/generic/gettitlestring\gettit
lestring.sty
Package: gettitlestring 2019/12/15 v1.6 Cleanup title references (HO)
)
\c@section@level=\count342
)
Redoing nameref's sectioning
Redoing nameref's label
LaTeX Info: Redefining \nameref on input line 30.
LaTeX Info: Redefining \ref on input line 30.
LaTeX Info: Redefining \pageref on input line 30.
LaTeX Info: Redefining \nameref on input line 30.
(main.out) (main.out)
\@outlinefile=\write4
\openout4 = `main.out'.


(C:\Users\wdrac\AppData\Local\Programs\MiKTeX\tex/context/base/mkii\supp-pdf.mk
ii
[Loading MPS to PDF converter (version 2006.09.02).]
\scratchcounter=\count343
\scratchdimen=\dimen273
\scratchbox=\box67
\nofMPsegments=\count344
\nofMParguments=\count345
\everyMPshowfont=\toks37
\MPscratchCnt=\count346
\MPscratchDim=\dimen274
\MPnumerator=\count347
\makeMPintoPDFobject=\count348
\everyMPtoPDFconversion=\toks38
)
(C:\Users\wdrac\AppData\Local\Programs\MiKTeX\tex/latex/epstopdf-pkg\epstopdf-b
ase.sty
Package: epstopdf-base 2020-01-24 v2.11 Base part for package epstopdf
Package epstopdf-base Info: Redefining graphics rule for `.eps' on input line 4
85.

(C:\Users\wdrac\AppData\Local\Programs\MiKTeX\tex/latex/00miktex\epstopdf-sys.c
fg
File: epstopdf-sys.cfg 2021/03/18 v2.0 Configuration of epstopdf for MiKTeX
)) (pages/page1.tex
LaTeX Font Info:    Trying to load font information for U+msa on input line 9.

(C:\Users\wdrac\AppData\Local\Programs\MiKTeX\tex/latex/amsfonts\umsa.fd
File: umsa.fd 2013/01/14 v3.01 AMS symbols A
)
LaTeX Font Info:    Trying to load font information for U+msb on input line 9.

(C:\Users\wdrac\AppData\Local\Programs\MiKTeX\tex/latex/amsfonts\umsb.fd
File: umsb.fd 2013/01/14 v3.01 AMS symbols B
)
LaTeX Font Info:    Trying to load font information for TS1+pnc on input line 1
3.

(C:\Users\wdrac\AppData\Local\Programs\MiKTeX\tex/latex/psnfss\ts1pnc.fd
File: ts1pnc.fd 2001/06/04 font definitions for TS1/pnc.
))
[1

{C:/Users/wdrac/AppData/Local/MiKTeX/fonts/map/pdftex/pdftex.map}]
(pages/page2.tex
pdfTeX warning (ext4): destination with the same identifier (name{section.7.1})
 has been already used, duplicate ignored
<to be read again> 
                   \relax 
l.6 \section{Digitization}
                          ) [2] (pages/page3.tex
pdfTeX warning (ext4): destination with the same identifier (name{section.7.1})
 has been already used, duplicate ignored
<to be read again> 
                   \relax 
l.4 \section{Digitization}
                          
<./FIG_Franklin/fig8-1.png, id=170, 544.9158pt x 397.0032pt>
File: ./FIG_Franklin/fig8-1.png Graphic file (type png)
<use ./FIG_Franklin/fig8-1.png>
Package pdftex.def Info: ./FIG_Franklin/fig8-1.png  used on input line 8.
(pdftex.def)             Requested size: 569.05511pt x 414.61823pt.
) [3 <./FIG_Franklin/fig8-1.png>] (pages/page4.tex
pdfTeX warning (ext4): destination with the same identifier (name{section.7.1})
 has been already used, duplicate ignored
<to be read again> 
                   \relax 
l.4 \section{Digitization}
                          
<./FIG_Franklin/fig8-smc1.png, id=177, 835.047pt x 532.17pt>
File: ./FIG_Franklin/fig8-smc1.png Graphic file (type png)
<use ./FIG_Franklin/fig8-smc1.png>
Package pdftex.def Info: ./FIG_Franklin/fig8-smc1.png  used on input line 14.
(pdftex.def)             Requested size: 569.05511pt x 362.6666pt.
) [4 <./FIG_Franklin/fig8-smc1.png>] (pages/page5.tex
pdfTeX warning (ext4): destination with the same identifier (name{section.7.1})
 has been already used, duplicate ignored
<to be read again> 
                   \relax 
l.4 \section{Digitization}
                          
<./FIG_Franklin/fig8-smc2.png, id=183, 806.577pt x 303.096pt>
File: ./FIG_Franklin/fig8-smc2.png Graphic file (type png)
<use ./FIG_Franklin/fig8-smc2.png>
Package pdftex.def Info: ./FIG_Franklin/fig8-smc2.png  used on input line 16.
(pdftex.def)             Requested size: 569.05511pt x 213.83994pt.
) [5 <./FIG_Franklin/fig8-smc2.png>] (pages/page6.tex
pdfTeX warning (ext4): destination with the same identifier (name{section.7.1})
 has been already used, duplicate ignored
<to be read again> 
                   \relax 
l.4 \section{Digitization}
                          ) [6] (pages/page7.tex
pdfTeX warning (ext4): destination with the same identifier (name{section.7.1})
 has been already used, duplicate ignored
<to be read again> 
                   \relax 
l.4 \section{Digitization}
                          
<./FIG_Franklin/fig8-smc3.png, id=225, 528.009pt x 342.954pt>
File: ./FIG_Franklin/fig8-smc3.png Graphic file (type png)
<use ./FIG_Franklin/fig8-smc3.png>
Package pdftex.def Info: ./FIG_Franklin/fig8-smc3.png  used on input line 10.
(pdftex.def)             Requested size: 284.52756pt x 184.80515pt.
) [7 <./FIG_Franklin/fig8-smc3.png>] (pages/page8.tex
pdfTeX warning (ext4): destination with the same identifier (name{section.7.1})
 has been already used, duplicate ignored
<to be read again> 
                   \relax 
l.4 \section{Digitization}
                          ) [8] (pages/page9.tex
pdfTeX warning (ext4): destination with the same identifier (name{section.7.1})
 has been already used, duplicate ignored
<to be read again> 
                   \relax 
l.4 \section{Digitization}
                          
<./FIG_Franklin/fig8-smc4.png, id=269, 927.903pt x 482.457pt>
File: ./FIG_Franklin/fig8-smc4.png Graphic file (type png)
<use ./FIG_Franklin/fig8-smc4.png>
Package pdftex.def Info: ./FIG_Franklin/fig8-smc4.png  used on input line 8.
(pdftex.def)             Requested size: 682.86613pt x 355.05438pt.
) [9 <./FIG_Franklin/fig8-smc4.png>]
(pages/page10.tex
pdfTeX warning (ext4): destination with the same identifier (name{section.7.1})
 has been already used, duplicate ignored
<to be read again> 
                   \relax 
l.4 \section{Digitization}
                          
<./FIG_Franklin/fig8-smc5.png, id=275, 737.154pt x 475.449pt>
File: ./FIG_Franklin/fig8-smc5.png Graphic file (type png)
<use ./FIG_Franklin/fig8-smc5.png>
Package pdftex.def Info: ./FIG_Franklin/fig8-smc5.png  used on input line 9.
(pdftex.def)             Requested size: 682.86613pt x 440.44362pt.
) [10 <./FIG_Franklin/fig8-smc5.png>]
(pages/page11.tex) [11] (pages/page12.tex
pdfTeX warning (ext4): destination with the same identifier (name{section.7.2})
 has been already used, duplicate ignored
<to be read again> 
                   \relax 
l.4 \section{Dynamic Analysis of Discrete Systems}
                                                  
Underfull \hbox (badness 10000) in paragraph at lines 23--25

 []


Underfull \hbox (badness 10000) in paragraph at lines 26--27

 []

) [12] (pages/page13.tex
pdfTeX warning (ext4): destination with the same identifier (name{section.7.2})
 has been already used, duplicate ignored
<to be read again> 
                   \relax 
l.4 \section{Dynamic Analysis of Discrete Systems}
                                                  ) [13] (pages/page14.tex
pdfTeX warning (ext4): destination with the same identifier (name{section.7.2})
 has been already used, duplicate ignored
<to be read again> 
                   \relax 
l.4 \section{Dynamic Analysis of Discrete Systems}
                                                  ) [14] (pages/page15.tex
pdfTeX warning (ext4): destination with the same identifier (name{section.7.2})
 has been already used, duplicate ignored
<to be read again> 
                   \relax 
l.4 \section{Dynamic Analysis of Discrete Systems}
                                                  ) [15] (pages/page16.tex
pdfTeX warning (ext4): destination with the same identifier (name{section.7.2})
 has been already used, duplicate ignored
<to be read again> 
                   \relax 
l.4 \section{Dynamic Analysis of Discrete Systems}
                                                  
Underfull \hbox (badness 10000) in paragraph at lines 16--19

 []


Underfull \hbox (badness 10000) in paragraph at lines 19--20

 []


Underfull \hbox (badness 10000) in paragraph at lines 20--21

 []


Underfull \hbox (badness 10000) in paragraph at lines 21--22

 []

) [16] (pages/page17.tex
pdfTeX warning (ext4): destination with the same identifier (name{section.7.2})
 has been already used, duplicate ignored
<to be read again> 
                   \relax 
l.4 \section{Dynamic Analysis of Discrete Systems}
                                                  ) [17] (pages/page18.tex
pdfTeX warning (ext4): destination with the same identifier (name{section.7.2})
 has been already used, duplicate ignored
<to be read again> 
                   \relax 
l.4 \section{Dynamic Analysis of Discrete Systems}
                                                  ) [18] (pages/page19.tex
pdfTeX warning (ext4): destination with the same identifier (name{section.7.2})
 has been already used, duplicate ignored
<to be read again> 
                   \relax 
l.5 \section{Dynamic Analysis of Discrete Systems}
                                                  ) [19] (pages/page20.tex
pdfTeX warning (ext4): destination with the same identifier (name{section.7.2})
 has been already used, duplicate ignored
<to be read again> 
                   \relax 
l.4 \section{Dynamic Analysis of Discrete Systems}
                                                  
<./FIG_Franklin/fig8-4.png, id=344, 615.2586pt x 397.0032pt>
File: ./FIG_Franklin/fig8-4.png Graphic file (type png)
<use ./FIG_Franklin/fig8-4.png>
Package pdftex.def Info: ./FIG_Franklin/fig8-4.png  used on input line 12.
(pdftex.def)             Requested size: 199.16928pt x 128.51566pt.
 [20 <./FIG_Franklin/fig8-4.png>]) [21] (pages/page21.tex
pdfTeX warning (ext4): destination with the same identifier (name{section.7.2})
 has been already used, duplicate ignored
<to be read again> 
                   \relax 
l.4 \section{Dynamic Analysis of Discrete Systems}
                                                  ) [22] (pages/page22.tex)
[23] (pages/page23.tex
pdfTeX warning (ext4): destination with the same identifier (name{section.7.3})
 has been already used, duplicate ignored
<to be read again> 
                   \relax 
l.4 \section{Design using Discrete Equivalents}
                                               
<./FIG_Franklin/fig8-7.png, id=375, 650.43pt x 326.1786pt>
File: ./FIG_Franklin/fig8-7.png Graphic file (type png)
<use ./FIG_Franklin/fig8-7.png>
Package pdftex.def Info: ./FIG_Franklin/fig8-7.png  used on input line 23.
(pdftex.def)             Requested size: 227.62204pt x 114.14928pt.
) [24 <./FIG_Franklin/fig8-7.png>] (pages/page24.tex
pdfTeX warning (ext4): destination with the same identifier (name{section.7.3})
 has been already used, duplicate ignored
<to be read again> 
                   \relax 
l.4 \section{Design using Discrete Equivalents}
                                               ) [25] (pages/page25.tex
pdfTeX warning (ext4): destination with the same identifier (name{section.7.3})
 has been already used, duplicate ignored
<to be read again> 
                   \relax 
l.4 \section{Design using Discrete Equivalents}
                                               ) [26] (pages/page26.tex
pdfTeX warning (ext4): destination with the same identifier (name{section.7.3})
 has been already used, duplicate ignored
<to be read again> 
                   \relax 
l.4 \section{Design using Discrete Equivalents}
                                               ) [27] (pages/page27.tex
pdfTeX warning (ext4): destination with the same identifier (name{section.7.3})
 has been already used, duplicate ignored
<to be read again> 
                   \relax 
l.4 \section{Design using Discrete Equivalents}
                                               
<./FIG_Franklin/fig8-smc6.png, id=399, 773.89125pt x 542.025pt>
File: ./FIG_Franklin/fig8-smc6.png Graphic file (type png)
<use ./FIG_Franklin/fig8-smc6.png>
Package pdftex.def Info: ./FIG_Franklin/fig8-smc6.png  used on input line 9.
(pdftex.def)             Requested size: 569.05511pt x 398.5614pt.
) [28 <./FIG_Franklin/fig8-smc6.png>] (pages/page28.tex
pdfTeX warning (ext4): destination with the same identifier (name{section.7.3})
 has been already used, duplicate ignored
<to be read again> 
                   \relax 
l.4 \section{Design using Discrete Equivalents}
                                               ) [29] (pages/page29.tex
pdfTeX warning (ext4): destination with the same identifier (name{section.7.3})
 has been already used, duplicate ignored
<to be read again> 
                   \relax 
l.4 \section{Design using Discrete Equivalents}
                                               
<./FIG_Franklin/fig8-smc7.png, id=413, 1550.52pt x 713.502pt>
File: ./FIG_Franklin/fig8-smc7.png Graphic file (type png)
<use ./FIG_Franklin/fig8-smc7.png>
Package pdftex.def Info: ./FIG_Franklin/fig8-smc7.png  used on input line 9.
(pdftex.def)             Requested size: 569.05511pt x 261.85773pt.
) [30 <./FIG_Franklin/fig8-smc7.png>] (pages/page30.tex
pdfTeX warning (ext4): destination with the same identifier (name{section.7.3})
 has been already used, duplicate ignored
<to be read again> 
                   \relax 
l.4 \section{Design using Discrete Equivalents}
                                               
<./FIG_Franklin/fig8-smc8.png, id=419, 954.84pt x 590.862pt>
File: ./FIG_Franklin/fig8-smc8.png Graphic file (type png)
<use ./FIG_Franklin/fig8-smc8.png>
Package pdftex.def Info: ./FIG_Franklin/fig8-smc8.png  used on input line 8.
(pdftex.def)             Requested size: 654.41338pt x 404.96342pt.
) [31 <./FIG_Franklin/fig8-smc8.png>] (pages/page31.tex
pdfTeX warning (ext4): destination with the same identifier (name{section.7.3})
 has been already used, duplicate ignored
<to be read again> 
                   \relax 
l.4 \section{Design using Discrete Equivalents}
                                               ) [32] (pages/page32.tex
pdfTeX warning (ext4): destination with the same identifier (name{section.7.3})
 has been already used, duplicate ignored
<to be read again> 
                   \relax 
l.4 \section{Design using Discrete Equivalents}
                                                [33]) [34] (pages/page33.tex
pdfTeX warning (ext4): destination with the same identifier (name{section.7.3})
 has been already used, duplicate ignored
<to be read again> 
                   \relax 
l.4 \section{Design using Discrete Equivalents}
                                               
<./FIG_Franklin/fig8-smc9.png, id=439, 802.49812pt x 542.025pt>
File: ./FIG_Franklin/fig8-smc9.png Graphic file (type png)
<use ./FIG_Franklin/fig8-smc9.png>
Package pdftex.def Info: ./FIG_Franklin/fig8-smc9.png  used on input line 9.
(pdftex.def)             Requested size: 569.05511pt x 384.37727pt.
) [35 <./FIG_Franklin/fig8-smc9.png>] (pages/page34.tex
pdfTeX warning (ext4): destination with the same identifier (name{section.7.3})
 has been already used, duplicate ignored
<to be read again> 
                   \relax 
l.4 \section{Design using Discrete Equivalents}
                                               ) [36] (pages/page35.tex
pdfTeX warning (ext4): destination with the same identifier (name{section.7.3})
 has been already used, duplicate ignored
<to be read again> 
                   \relax 
l.4 \section{Design using Discrete Equivalents}
                                               ) [37] (pages/page36.tex
pdfTeX warning (ext4): destination with the same identifier (name{section.7.3})
 has been already used, duplicate ignored
<to be read again> 
                   \relax 
l.4 \section{Design using Discrete Equivalents}
                                               ) [38] (pages/page37.tex
pdfTeX warning (ext4): destination with the same identifier (name{section.7.3})
 has been already used, duplicate ignored
<to be read again> 
                   \relax 
l.4 \section{Design using Discrete Equivalents}
                                               ) [39] (pages/page38.tex
pdfTeX warning (ext4): destination with the same identifier (name{section.7.3})
 has been already used, duplicate ignored
<to be read again> 
                   \relax 
l.4 \section{Design using Discrete Equivalents}
                                               
<./FIG_Franklin/fig8-smc10.png, id=470, 906.003pt x 511.803pt>
File: ./FIG_Franklin/fig8-smc10.png Graphic file (type png)
<use ./FIG_Franklin/fig8-smc10.png>
Package pdftex.def Info: ./FIG_Franklin/fig8-smc10.png  used on input line 8.
(pdftex.def)             Requested size: 682.86613pt x 385.74901pt.
) [40 <./FIG_Franklin/fig8-smc10.png>] (pages/page38.tex
pdfTeX warning (ext4): destination with the same identifier (name{section.7.3})
 has been already used, duplicate ignored
<to be read again> 
                   \relax 
l.4 \section{Design using Discrete Equivalents}
                                               
File: ./FIG_Franklin/fig8-smc10.png Graphic file (type png)
<use ./FIG_Franklin/fig8-smc10.png>
Package pdftex.def Info: ./FIG_Franklin/fig8-smc10.png  used on input line 8.
(pdftex.def)             Requested size: 682.86613pt x 385.74901pt.
) [41] (pages/page39.tex
pdfTeX warning (ext4): destination with the same identifier (name{section.7.3})
 has been already used, duplicate ignored
<to be read again> 
                   \relax 
l.4 \section{Design using Discrete Equivalents}
                                               ) [42] (pages/page40.tex
pdfTeX warning (ext4): destination with the same identifier (name{section.7.3})
 has been already used, duplicate ignored
<to be read again> 
                   \relax 
l.4 \section{Design using Discrete Equivalents}
                                               ) [43] (pages/page41.tex
pdfTeX warning (ext4): destination with the same identifier (name{section.7.3})
 has been already used, duplicate ignored
<to be read again> 
                   \relax 
l.4 \section{Design using Discrete Equivalents}
                                               
<./FIG_Franklin/fig8-15.png, id=496, 650.43pt x 177.3024pt>
File: ./FIG_Franklin/fig8-15.png Graphic file (type png)
<use ./FIG_Franklin/fig8-15.png>
Package pdftex.def Info: ./FIG_Franklin/fig8-15.png  used on input line 17.
(pdftex.def)             Requested size: 569.05511pt x 155.13107pt.
) [44 <./FIG_Franklin/fig8-15.png>] (pages/page42.tex
pdfTeX warning (ext4): destination with the same identifier (name{section.7.3})
 has been already used, duplicate ignored
<to be read again> 
                   \relax 
l.4 \section{Design using Discrete Equivalents}
                                               ) [45] (pages/page43.tex
[46] [47]
Overfull \hbox (0.99255pt too wide) in paragraph at lines 38--39
[]\LUC/nanummj/m/n/14.4/ac °\LUC/nanummj/m/n/14.4/ad m \OT1/pnc/m/n/14.4 Alias-
ing \LUC/nanummj/m/n/14.4/c7 t \LUC/nanummj/m/n/14.4/bc ^^\\LUC/nanummj/m/n/14.
4/c0 Ý\LUC/nanummj/m/n/14.4/d5 X\LUC/nanummj/m/n/14.4/c9 À \LUC/nanummj/m/n/14.
4/c5 J\LUC/nanummj/m/n/14.4/b3 Ä\LUC/nanummj/m/n/14.4/b8 ] \LUC/nanummj/m/n/14.
4/d5 X\LUC/nanummj/m/n/14.4/b8 $\LUC/nanummj/m/n/14.4/ba t \OT1/pnc/m/n/14.4 Sa
m-pling Fre-quency \LUC/nanummj/m/n/14.4/bc ô\LUC/nanummj/m/n/14.4/b2 ä \LUC/na
nummj/m/n/14.4/d0 p \LUC/nanummj/m/n/14.4/c8 ü\LUC/nanummj/m/n/14.4/d3 ^^L\LUC/
nanummj/m/n/14.4/c2 ^^X\LUC/nanummj/m/n/14.4/c5 Ð \LUC/nanummj/m/n/14.4/b3 ^^@\
LUC/nanummj/m/n/14.4/d5 t\LUC/nanummj/m/n/14.4/c1 ^^\\LUC/nanummj/m/n/14.4/b2 ”
 \LUC/nanummj/m/n/14.4/ba ¨\LUC/nanummj/m/n/14.4/b4 P \OT1/pnc/m/n/14.4 Low-
 []

[48] [49] [50]
<./FIG_Franklin/fig8-17.png, id=545, 758.835pt x 180.675pt>
File: ./FIG_Franklin/fig8-17.png Graphic file (type png)
<use ./FIG_Franklin/fig8-17.png>
Package pdftex.def Info: ./FIG_Franklin/fig8-17.png  used on input line 88.
(pdftex.def)             Requested size: 341.43306pt x 81.29471pt.
 [51 <./FIG_Franklin/fig8-17.png>]
<./FIG_Franklin/fig8-18.png, id=551, 686.565pt x 249.93375pt>
File: ./FIG_Franklin/fig8-18.png Graphic file (type png)
<use ./FIG_Franklin/fig8-18.png>
Package pdftex.def Info: ./FIG_Franklin/fig8-18.png  used on input line 115.
(pdftex.def)             Requested size: 341.43306pt x 124.29153pt.
 [52 <./FIG_Franklin/fig8-18.png>] [53] [54] [55]) (main.aux)
Package rerunfilecheck Info: File `main.out' has not changed.
(rerunfilecheck)             Checksum: 58380F11AD559B9DB8A1A7E4D953F62E;8956.
 ) 
Here is how much of TeX's memory you used:
 16280 strings out of 478619
 262922 string characters out of 2843246
 581022 words of memory out of 3000000
 33813 multiletter control sequences out of 15000+600000
 490327 words of font info for 91 fonts, out of 8000000 for 9000
 1141 hyphenation exceptions out of 8191
 105i,18n,107p,500b,765s stack positions out of 10000i,1000n,20000p,200000b,80000s
{C:/Users/wdrac/AppData/Local/Programs/MiKTeX/fonts/enc/dvips/base/8r.enc}<C:
/Users/wdrac/AppData/Local/Programs/MiKTeX/fonts/type1/public/amsfonts/cm/cmex1
0.pfb><C:/Users/wdrac/AppData/Local/Programs/MiKTeX/fonts/type1/public/amsfonts
/cm/cmmi10.pfb><C:/Users/wdrac/AppData/Local/Programs/MiKTeX/fonts/type1/public
/amsfonts/cm/cmmi12.pfb><C:/Users/wdrac/AppData/Local/Programs/MiKTeX/fonts/typ
e1/public/amsfonts/cm/cmmi7.pfb><C:/Users/wdrac/AppData/Local/Programs/MiKTeX/f
onts/type1/public/amsfonts/cm/cmr10.pfb><C:/Users/wdrac/AppData/Local/Programs/
MiKTeX/fonts/type1/public/amsfonts/cm/cmr12.pfb><C:/Users/wdrac/AppData/Local/P
rograms/MiKTeX/fonts/type1/public/amsfonts/cm/cmr7.pfb><C:/Users/wdrac/AppData/
Local/Programs/MiKTeX/fonts/type1/public/amsfonts/cm/cmsy10.pfb><C:/Users/wdrac
/AppData/Local/Programs/MiKTeX/fonts/type1/public/amsfonts/cm/cmsy7.pfb><C:/Use
rs/wdrac/AppData/Local/Programs/MiKTeX/fonts/type1/public/amsfonts/latxfont/lin
e10.pfb><C:/Users/wdrac/AppData/Local/Programs/MiKTeX/fonts/type1/public/amsfon
ts/symbols/msam10.pfb><C:/Users/wdrac/AppData/Local/Programs/MiKTeX/fonts/type1
/public/nanumtype1/nanummjmac.pfb><C:/Users/wdrac/AppData/Local/Programs/MiKTeX
/fonts/type1/public/nanumtype1/nanummjmad.pfb><C:/Users/wdrac/AppData/Local/Pro
grams/MiKTeX/fonts/type1/public/nanumtype1/nanummjmae.pfb><C:/Users/wdrac/AppDa
ta/Local/Programs/MiKTeX/fonts/type1/public/nanumtype1/nanummjmb0.pfb><C:/Users
/wdrac/AppData/Local/Programs/MiKTeX/fonts/type1/public/nanumtype1/nanummjmb1.p
fb><C:/Users/wdrac/AppData/Local/Programs/MiKTeX/fonts/type1/public/nanumtype1/
nanummjmb2.pfb><C:/Users/wdrac/AppData/Local/Programs/MiKTeX/fonts/type1/public
/nanumtype1/nanummjmb3.pfb><C:/Users/wdrac/AppData/Local/Programs/MiKTeX/fonts/
type1/public/nanumtype1/nanummjmb4.pfb><C:/Users/wdrac/AppData/Local/Programs/M
iKTeX/fonts/type1/public/nanumtype1/nanummjmb5.pfb><C:/Users/wdrac/AppData/Loca
l/Programs/MiKTeX/fonts/type1/public/nanumtype1/nanummjmb7.pfb><C:/Users/wdrac/
AppData/Local/Programs/MiKTeX/fonts/type1/public/nanumtype1/nanummjmb8.pfb><C:/
Users/wdrac/AppData/Local/Programs/MiKTeX/fonts/type1/public/nanumtype1/nanummj
mb9.pfb><C:/Users/wdrac/AppData/Local/Programs/MiKTeX/fonts/type1/public/nanumt
ype1/nanummjmba.pfb><C:/Users/wdrac/AppData/Local/Programs/MiKTeX/fonts/type1/p
ublic/nanumtype1/nanummjmbb.pfb><C:/Users/wdrac/AppData/Local/Programs/MiKTeX/f
onts/type1/public/nanumtype1/nanummjmbc.pfb><C:/Users/wdrac/AppData/Local/Progr
ams/MiKTeX/fonts/type1/public/nanumtype1/nanummjmbd.pfb><C:/Users/wdrac/AppData
/Local/Programs/MiKTeX/fonts/type1/public/nanumtype1/nanummjmc0.pfb><C:/Users/w
drac/AppData/Local/Programs/MiKTeX/fonts/type1/public/nanumtype1/nanummjmc1.pfb
><C:/Users/wdrac/AppData/Local/Programs/MiKTeX/fonts/type1/public/nanumtype1/na
nummjmc2.pfb><C:/Users/wdrac/AppData/Local/Programs/MiKTeX/fonts/type1/public/n
anumtype1/nanummjmc5.pfb><C:/Users/wdrac/AppData/Local/Programs/MiKTeX/fonts/ty
pe1/public/nanumtype1/nanummjmc6.pfb><C:/Users/wdrac/AppData/Local/Programs/MiK
TeX/fonts/type1/public/nanumtype1/nanummjmc7.pfb><C:/Users/wdrac/AppData/Local/
Programs/MiKTeX/fonts/type1/public/nanumtype1/nanummjmc8.pfb><C:/Users/wdrac/Ap
pData/Local/Programs/MiKTeX/fonts/type1/public/nanumtype1/nanummjmc9.pfb><C:/Us
ers/wdrac/AppData/Local/Programs/MiKTeX/fonts/type1/public/nanumtype1/nanummjmc
c.pfb><C:/Users/wdrac/AppData/Local/Programs/MiKTeX/fonts/type1/public/nanumtyp
e1/nanummjmcd.pfb><C:/Users/wdrac/AppData/Local/Programs/MiKTeX/fonts/type1/pub
lic/nanumtype1/nanummjmce.pfb><C:/Users/wdrac/AppData/Local/Programs/MiKTeX/fon
ts/type1/public/nanumtype1/nanummjmcf.pfb><C:/Users/wdrac/AppData/Local/Program
s/MiKTeX/fonts/type1/public/nanumtype1/nanummjmd0.pfb><C:/Users/wdrac/AppData/L
ocal/Programs/MiKTeX/fonts/type1/public/nanumtype1/nanummjmd1.pfb><C:/Users/wdr
ac/AppData/Local/Programs/MiKTeX/fonts/type1/public/nanumtype1/nanummjmd2.pfb><
C:/Users/wdrac/AppData/Local/Programs/MiKTeX/fonts/type1/public/nanumtype1/nanu
mmjmd3.pfb><C:/Users/wdrac/AppData/Local/Programs/MiKTeX/fonts/type1/public/nan
umtype1/nanummjmd4.pfb><C:/Users/wdrac/AppData/Local/Programs/MiKTeX/fonts/type
1/public/nanumtype1/nanummjmd5.pfb><C:/Users/wdrac/AppData/Local/Programs/MiKTe
X/fonts/type1/public/nanumtype1/nanummjmd6.pfb><C:/Users/wdrac/AppData/Local/Pr
ograms/MiKTeX/fonts/type1/urw/ncntrsbk/uncb8a.pfb><C:/Users/wdrac/AppData/Local
/Programs/MiKTeX/fonts/type1/urw/ncntrsbk/uncr8a.pfb><C:/Users/wdrac/AppData/Lo
cal/Programs/MiKTeX/fonts/type1/urw/ncntrsbk/uncri8a.pfb>
Output written on main.pdf (55 pages, 16566684 bytes).
PDF statistics:
 803 PDF objects out of 1000 (max. 8388607)
 137 named destinations out of 1000 (max. 500000)
 589 words of extra memory for PDF output out of 10000 (max. 10000000)

